<?xml version="1.0" encoding="UTF-8"?>
<!-- Generated by org.testng.reporters.JUnitReportReporter -->
<testsuite hostname="mac-MacBookPro" failures="0" tests="1" name="logintestcase.LoginWithoutFindBy" time="4.348" errors="0" timestamp="2023-02-26T12:31:36 IST" skipped="0">
  <testcase classname="logintestcase.LoginWithoutFindBy" name="loginwithoutFindBy" time="4.348"/>
  <system-out/>
</testsuite> <!-- logintestcase.LoginWithoutFindBy -->
