<?xml version="1.0" encoding="UTF-8"?>
<!-- Generated by org.testng.reporters.JUnitReportReporter -->
<testsuite hostname="mac-MacBookPro" failures="0" tests="1" name="logintestcase.LoginTCPageFactory" time="4.510" errors="0" timestamp="2023-02-26T12:18:30 IST" skipped="0">
  <testcase classname="logintestcase.LoginTCPageFactory" name="login" time="4.510"/>
  <system-out/>
</testsuite> <!-- logintestcase.LoginTCPageFactory -->
