<?xml version="1.0" encoding="UTF-8"?>
<!-- Generated by org.testng.reporters.JUnitReportReporter -->
<testsuite hostname="mac-MacBookPro" failures="0" tests="1" name="logintestcase.LoginTestCase" time="5.440" errors="0" timestamp="2023-02-26T11:05:00 IST" skipped="0">
  <testcase classname="logintestcase.LoginTestCase" name="login" time="5.440"/>
  <system-out/>
</testsuite> <!-- logintestcase.LoginTestCase -->
